Using pre-set license
Built from '2020.3/staging' branch; Version is '2020.3.14f1 (d0d1bb862f9d) revision 13685179'; Using compiler version '192528614'; Build Type 'Release'
OS: 'Windows 10 Education; OS build 19042.1526; Version 2009; 64bit' Language: 'en' Physical Memory: 16180 MB
BatchMode: 1, IsHumanControllingUs: 0, StartBugReporterOnCrash: 0, Is64bit: 1, IsPro: 0

 COMMAND LINE ARGUMENTS:
C:\Program Files\Unity\Editor\Unity.exe
-adb2
-batchMode
-noUpm
-name
AssetImportWorker0
-projectPath
C:/Users/W0453327/Documents/GitHub/LevelProg_Instantiation/2d_TileMap
-logFile
Logs/AssetImportWorker0.log
-srvPort
55445
Successfully changed project path to: C:/Users/W0453327/Documents/GitHub/LevelProg_Instantiation/2d_TileMap
C:/Users/W0453327/Documents/GitHub/LevelProg_Instantiation/2d_TileMap
Using Asset Import Pipeline V2.
Refreshing native plugins compatible for Editor in 45.86 ms, found 3 plugins.
Preloading 0 native plugins for Editor in 0.00 ms.
Initialize engine version: 2020.3.14f1 (d0d1bb862f9d)
[Subsystems] Discovering subsystems at path C:/Program Files/Unity/Editor/Data/Resources/UnitySubsystems
[Subsystems] Discovering subsystems at path C:/Users/W0453327/Documents/GitHub/LevelProg_Instantiation/2d_TileMap/Assets
GfxDevice: creating device client; threaded=0
Direct3D:
    Version:  Direct3D 11.0 [level 11.0]
    Renderer: NVIDIA Quadro K2200 (ID=0x13ba)
    Vendor:   
    VRAM:     4053 MB
    Driver:   27.21.14.6192
Initialize mono
Mono path[0] = 'C:/Program Files/Unity/Editor/Data/Managed'
Mono path[1] = 'C:/Program Files/Unity/Editor/Data/MonoBleedingEdge/lib/mono/unityjit'
Mono config path = 'C:/Program Files/Unity/Editor/Data/MonoBleedingEdge/etc'
Using monoOptions --debugger-agent=transport=dt_socket,embedding=1,server=y,suspend=n,address=127.0.0.1:56844
Begin MonoManager ReloadAssembly
Registering precompiled unity dll's ...
Register platform support module: C:/Program Files/Unity/Editor/Data/PlaybackEngines/WindowsStandaloneSupport/UnityEditor.WindowsStandalone.Extensions.dll
Registered in 0.002090 seconds.
Native extension for WindowsStandalone target not found
Refreshing native plugins compatible for Editor in 35.95 ms, found 3 plugins.
Preloading 0 native plugins for Editor in 0.00 ms.
Mono: successfully reloaded assembly
- Completed reload, in  0.990 seconds
Domain Reload Profiling:
	ReloadAssembly (990ms)
		BeginReloadAssembly (52ms)
			ExecutionOrderSort (0ms)
			DisableScriptedObjects (0ms)
			BackupInstance (0ms)
			ReleaseScriptingObjects (0ms)
			CreateAndSetChildDomain (1ms)
		EndReloadAssembly (400ms)
			LoadAssemblies (50ms)
			RebuildTransferFunctionScriptingTraits (0ms)
			SetupTypeCache (139ms)
			ReleaseScriptCaches (0ms)
			RebuildScriptCaches (30ms)
			SetupLoadedEditorAssemblies (159ms)
				LogAssemblyErrors (0ms)
				InitializePlatformSupportModulesInManaged (4ms)
				SetLoadedEditorAssemblies (0ms)
				RefreshPlugins (36ms)
				BeforeProcessingInitializeOnLoad (14ms)
				ProcessInitializeOnLoadAttributes (79ms)
				ProcessInitializeOnLoadMethodAttributes (26ms)
				AfterProcessingInitializeOnLoad (0ms)
				EditorAssembliesLoaded (0ms)
			ExecutionOrderSort2 (0ms)
			AwakeInstancesAfterBackupRestoration (0ms)
Platform modules already initialized, skipping
Registering precompiled user dll's ...
Registered in 0.004295 seconds.
Begin MonoManager ReloadAssembly
Native extension for WindowsStandalone target not found
Refreshing native plugins compatible for Editor in 34.28 ms, found 3 plugins.
Preloading 0 native plugins for Editor in 0.00 ms.
Mono: successfully reloaded assembly
- Completed reload, in  1.035 seconds
Domain Reload Profiling:
	ReloadAssembly (1036ms)
		BeginReloadAssembly (135ms)
			ExecutionOrderSort (0ms)
			DisableScriptedObjects (5ms)
			BackupInstance (0ms)
			ReleaseScriptingObjects (0ms)
			CreateAndSetChildDomain (17ms)
		EndReloadAssembly (843ms)
			LoadAssemblies (84ms)
			RebuildTransferFunctionScriptingTraits (0ms)
			SetupTypeCache (269ms)
			ReleaseScriptCaches (0ms)
			RebuildScriptCaches (45ms)
			SetupLoadedEditorAssemblies (326ms)
				LogAssemblyErrors (0ms)
				InitializePlatformSupportModulesInManaged (4ms)
				SetLoadedEditorAssemblies (0ms)
				RefreshPlugins (34ms)
				BeforeProcessingInitializeOnLoad (86ms)
				ProcessInitializeOnLoadAttributes (183ms)
				ProcessInitializeOnLoadMethodAttributes (13ms)
				AfterProcessingInitializeOnLoad (6ms)
				EditorAssembliesLoaded (0ms)
			ExecutionOrderSort2 (0ms)
			AwakeInstancesAfterBackupRestoration (6ms)
Platform modules already initialized, skipping
========================================================================
Worker process is ready to serve import requests
Launched and connected shader compiler UnityShaderCompiler.exe after 0.04 seconds
Refreshing native plugins compatible for Editor in 0.40 ms, found 3 plugins.
Preloading 0 native plugins for Editor in 0.00 ms.
Unloading 2084 Unused Serialized files (Serialized files now loaded: 0)
System memory in use before: 92.9 MB.
System memory in use after: 92.9 MB.

Unloading 33 unused Assets to reduce memory usage. Loaded Objects now: 2517.
Total: 2.607100 ms (FindLiveObjects: 0.217700 ms CreateObjectMapping: 0.090900 ms MarkObjects: 2.178800 ms  DeleteObjects: 0.117700 ms)

AssetImportParameters requested are different than current active one (requested -> active):
  custom:framework-win-MediaFoundation: 216162199b28c13a410421893ffa2e32 -> 
  custom:video-decoder-ogg-theora: a1e56fd34408186e4bbccfd4996cb3dc -> 
  custom:container-muxer-webm: aa71ff27fc2769a1b78a27578f13a17b -> 
  custom:container-demuxer-webm: 4f35f7cbe854078d1ac9338744f61a02 -> 
  custom:container-demuxer-ogg: 62fdf1f143b41e24485cea50d1cbac27 -> 
  custom:video-encoder-webm-vp8: eb34c28f22e8b96e1ab97ce403110664 -> 
  custom:video-decoder-webm-vp8: 9c59270c3fd7afecdb556c50c9e8de78 -> 
  custom:audio-decoder-ogg-vorbis: bf7c407c2cedff20999df2af8eb42d56 -> 
  custom:audio-encoder-webm-vorbis: bf7c407c2cedff20999df2af8eb42d56 -> 
========================================================================
Received Import Request.
  path: Assets/KyleDixon_Tilemap.png
  artifactKey: Guid(1848773eb0fef2547a7c4469cb1d0055) Importer(815301076,1909f56bfc062723c751e8b465ee728b)
Start importing Assets/KyleDixon_Tilemap.png using Guid(1848773eb0fef2547a7c4469cb1d0055) Importer(815301076,1909f56bfc062723c751e8b465ee728b)  -> (artifact id: '7a4967eb70891e6b388fa8b387179bbf') in 0.118411 seconds 
  Import took 0.122957 seconds .

========================================================================
Received Import Request.
  Time since last request: 10.248753 seconds.
  path: Assets/KyleDixon_Tilemap.png
  artifactKey: Guid(1848773eb0fef2547a7c4469cb1d0055) Importer(815301076,1909f56bfc062723c751e8b465ee728b)
Start importing Assets/KyleDixon_Tilemap.png using Guid(1848773eb0fef2547a7c4469cb1d0055) Importer(815301076,1909f56bfc062723c751e8b465ee728b)  -> (artifact id: 'e2c84dc573a7399bb445d4b2587c3c68') in 0.014618 seconds 
  Import took 0.018889 seconds .

========================================================================
Received Import Request.
  Time since last request: 94.585002 seconds.
  path: Assets/KyleDixon_Tilemap.png
  artifactKey: Guid(1848773eb0fef2547a7c4469cb1d0055) Importer(815301076,1909f56bfc062723c751e8b465ee728b)
Start importing Assets/KyleDixon_Tilemap.png using Guid(1848773eb0fef2547a7c4469cb1d0055) Importer(815301076,1909f56bfc062723c751e8b465ee728b)  -> (artifact id: '3573ec2fe98c88a5194bbaffad57e80b') in 0.015801 seconds 
  Import took 0.020030 seconds .

========================================================================
Received Import Request.
  Time since last request: 57.902668 seconds.
  path: Assets/KyleDixon_Tilemap.png
  artifactKey: Guid(1848773eb0fef2547a7c4469cb1d0055) Importer(815301076,1909f56bfc062723c751e8b465ee728b)
Start importing Assets/KyleDixon_Tilemap.png using Guid(1848773eb0fef2547a7c4469cb1d0055) Importer(815301076,1909f56bfc062723c751e8b465ee728b)  -> (artifact id: 'cb91ac4cbc5d395815b453c0a8038769') in 0.009849 seconds 
  Import took 0.014138 seconds .

========================================================================
Received Import Request.
  Time since last request: 19.928003 seconds.
  path: Assets/KyleDixon_Tilemap.png
  artifactKey: Guid(1848773eb0fef2547a7c4469cb1d0055) Importer(815301076,1909f56bfc062723c751e8b465ee728b)
Start importing Assets/KyleDixon_Tilemap.png using Guid(1848773eb0fef2547a7c4469cb1d0055) Importer(815301076,1909f56bfc062723c751e8b465ee728b)  -> (artifact id: 'e552415abe36a8ce71f5c4120ec92717') in 0.130027 seconds 
  Import took 0.135873 seconds .

========================================================================
Received Import Request.
  Time since last request: 205.808662 seconds.
  path: Assets/KyleDixon_Tilemap.png
  artifactKey: Guid(1848773eb0fef2547a7c4469cb1d0055) Importer(815301076,1909f56bfc062723c751e8b465ee728b)
Start importing Assets/KyleDixon_Tilemap.png using Guid(1848773eb0fef2547a7c4469cb1d0055) Importer(815301076,1909f56bfc062723c751e8b465ee728b)  -> (artifact id: '51f9c2ddc836dcb19569d426d3a9925f') in 0.108988 seconds 
  Import took 0.112516 seconds .

========================================================================
Received Prepare
Registering precompiled user dll's ...
Registered in 0.005208 seconds.
Begin MonoManager ReloadAssembly
Native extension for WindowsStandalone target not found
Refreshing native plugins compatible for Editor in 0.42 ms, found 3 plugins.
Preloading 0 native plugins for Editor in 0.00 ms.
Mono: successfully reloaded assembly
- Completed reload, in  0.960 seconds
Domain Reload Profiling:
	ReloadAssembly (960ms)
		BeginReloadAssembly (107ms)
			ExecutionOrderSort (0ms)
			DisableScriptedObjects (6ms)
			BackupInstance (0ms)
			ReleaseScriptingObjects (0ms)
			CreateAndSetChildDomain (33ms)
		EndReloadAssembly (787ms)
			LoadAssemblies (89ms)
			RebuildTransferFunctionScriptingTraits (0ms)
			SetupTypeCache (272ms)
			ReleaseScriptCaches (1ms)
			RebuildScriptCaches (41ms)
			SetupLoadedEditorAssemblies (286ms)
				LogAssemblyErrors (0ms)
				InitializePlatformSupportModulesInManaged (5ms)
				SetLoadedEditorAssemblies (0ms)
				RefreshPlugins (0ms)
				BeforeProcessingInitializeOnLoad (90ms)
				ProcessInitializeOnLoadAttributes (179ms)
				ProcessInitializeOnLoadMethodAttributes (5ms)
				AfterProcessingInitializeOnLoad (6ms)
				EditorAssembliesLoaded (0ms)
			ExecutionOrderSort2 (0ms)
			AwakeInstancesAfterBackupRestoration (10ms)
Platform modules already initialized, skipping
Refreshing native plugins compatible for Editor in 0.40 ms, found 3 plugins.
Preloading 0 native plugins for Editor in 0.00 ms.
Unloading 2080 Unused Serialized files (Serialized files now loaded: 0)
System memory in use before: 95.9 MB.
System memory in use after: 95.8 MB.

Unloading 21 unused Assets to reduce memory usage. Loaded Objects now: 2530.
Total: 2.306100 ms (FindLiveObjects: 0.161900 ms CreateObjectMapping: 0.067300 ms MarkObjects: 1.985400 ms  DeleteObjects: 0.090800 ms)

AssetImportParameters requested are different than current active one (requested -> active):
  custom:framework-win-MediaFoundation: 216162199b28c13a410421893ffa2e32 -> 
  custom:video-decoder-ogg-theora: a1e56fd34408186e4bbccfd4996cb3dc -> 
  custom:container-muxer-webm: aa71ff27fc2769a1b78a27578f13a17b -> 
  custom:container-demuxer-webm: 4f35f7cbe854078d1ac9338744f61a02 -> 
  custom:container-demuxer-ogg: 62fdf1f143b41e24485cea50d1cbac27 -> 
  custom:video-encoder-webm-vp8: eb34c28f22e8b96e1ab97ce403110664 -> 
  custom:video-decoder-webm-vp8: 9c59270c3fd7afecdb556c50c9e8de78 -> 
  custom:audio-decoder-ogg-vorbis: bf7c407c2cedff20999df2af8eb42d56 -> 
  custom:audio-encoder-webm-vorbis: bf7c407c2cedff20999df2af8eb42d56 -> 
========================================================================
Received Import Request.
  Time since last request: 1914.810211 seconds.
  path: Assets/TileMaps
  artifactKey: Guid(555ed72f70f08f14e9dbce8a0d8e8975) Importer(815301076,1909f56bfc062723c751e8b465ee728b)
Start importing Assets/TileMaps using Guid(555ed72f70f08f14e9dbce8a0d8e8975) Importer(815301076,1909f56bfc062723c751e8b465ee728b)  -> (artifact id: '29ee22149574a212c4901ee6697590b8') in 0.007450 seconds 
  Import took 0.012369 seconds .

========================================================================
Received Import Request.
  Time since last request: 2.322067 seconds.
  path: Assets/2d_CharaterController_NonAnimated/Character Sheet.png
  artifactKey: Guid(892b3382a4a2b1242adc829e5c453341) Importer(815301076,1909f56bfc062723c751e8b465ee728b)
Start importing Assets/2d_CharaterController_NonAnimated/Character Sheet.png using Guid(892b3382a4a2b1242adc829e5c453341) Importer(815301076,1909f56bfc062723c751e8b465ee728b)  -> (artifact id: '756f5530dad8cd8aeebe70e57222c837') in 0.090212 seconds 
  Import took 0.093423 seconds .

========================================================================
Received Import Request.
  Time since last request: 0.000300 seconds.
  path: Assets/2d_CharaterController_NonAnimated/Player.prefab
  artifactKey: Guid(bb26b68cb51fac64b930bcb4d4871a1d) Importer(815301076,1909f56bfc062723c751e8b465ee728b)
Start importing Assets/2d_CharaterController_NonAnimated/Player.prefab using Guid(bb26b68cb51fac64b930bcb4d4871a1d) Importer(815301076,1909f56bfc062723c751e8b465ee728b)  -> (artifact id: '8d96885ec3b1ef746ca1e5ac3e2fa41e') in 0.045024 seconds 
  Import took 0.047764 seconds .

========================================================================
Received Prepare
Registering precompiled user dll's ...
Registered in 0.004057 seconds.
Begin MonoManager ReloadAssembly
Native extension for WindowsStandalone target not found
Refreshing native plugins compatible for Editor in 0.41 ms, found 3 plugins.
Preloading 0 native plugins for Editor in 0.00 ms.
Mono: successfully reloaded assembly
- Completed reload, in  0.925 seconds
Domain Reload Profiling:
	ReloadAssembly (925ms)
		BeginReloadAssembly (119ms)
			ExecutionOrderSort (0ms)
			DisableScriptedObjects (5ms)
			BackupInstance (0ms)
			ReleaseScriptingObjects (0ms)
			CreateAndSetChildDomain (37ms)
		EndReloadAssembly (748ms)
			LoadAssemblies (82ms)
			RebuildTransferFunctionScriptingTraits (0ms)
			SetupTypeCache (254ms)
			ReleaseScriptCaches (1ms)
			RebuildScriptCaches (38ms)
			SetupLoadedEditorAssemblies (277ms)
				LogAssemblyErrors (0ms)
				InitializePlatformSupportModulesInManaged (5ms)
				SetLoadedEditorAssemblies (0ms)
				RefreshPlugins (0ms)
				BeforeProcessingInitializeOnLoad (83ms)
				ProcessInitializeOnLoadAttributes (177ms)
				ProcessInitializeOnLoadMethodAttributes (5ms)
				AfterProcessingInitializeOnLoad (6ms)
				EditorAssembliesLoaded (0ms)
			ExecutionOrderSort2 (0ms)
			AwakeInstancesAfterBackupRestoration (9ms)
Platform modules already initialized, skipping
Refreshing native plugins compatible for Editor in 0.41 ms, found 3 plugins.
Preloading 0 native plugins for Editor in 0.00 ms.
Unloading 2080 Unused Serialized files (Serialized files now loaded: 0)
System memory in use before: 96.0 MB.
System memory in use after: 95.9 MB.

Unloading 21 unused Assets to reduce memory usage. Loaded Objects now: 2540.
Total: 2.567100 ms (FindLiveObjects: 0.159700 ms CreateObjectMapping: 0.064100 ms MarkObjects: 2.214500 ms  DeleteObjects: 0.127900 ms)

AssetImportParameters requested are different than current active one (requested -> active):
  custom:framework-win-MediaFoundation: 216162199b28c13a410421893ffa2e32 -> 
  custom:video-decoder-ogg-theora: a1e56fd34408186e4bbccfd4996cb3dc -> 
  custom:container-muxer-webm: aa71ff27fc2769a1b78a27578f13a17b -> 
  custom:container-demuxer-webm: 4f35f7cbe854078d1ac9338744f61a02 -> 
  custom:container-demuxer-ogg: 62fdf1f143b41e24485cea50d1cbac27 -> 
  custom:video-encoder-webm-vp8: eb34c28f22e8b96e1ab97ce403110664 -> 
  custom:video-decoder-webm-vp8: 9c59270c3fd7afecdb556c50c9e8de78 -> 
  custom:audio-decoder-ogg-vorbis: bf7c407c2cedff20999df2af8eb42d56 -> 
  custom:audio-encoder-webm-vorbis: bf7c407c2cedff20999df2af8eb42d56 -> 
AssetImportWorkerClient::OnTransportError - code=2 error=End of file
